    Blocking waiting for file lock on package cache
    Blocking waiting for file lock on package cache
    Blocking waiting for file lock on package cache
warning: variable `bound_C_m` should have a snake case name
  --> src/mpc/mod.rs:71:9
   |
71 |     let bound_C_m = 8.6;
   |         ^^^^^^^^^ help: convert the identifier to snake case (notice the capitalization): `bound_c_m`
   |
   = note: `#[warn(non_snake_case)]` on by default

warning: variable `bound_B` should have a snake case name
  --> src/mpc/mod.rs:74:9
   |
74 |     let bound_B = &params.t / Integer::from(2_i32) +
   |         ^^^^^^^ help: convert the identifier to snake case: `bound_b`

warning: `homomorphic-encryption-project` (lib) generated 2 warnings
    Finished release [optimized] target(s) in 0.02s
     Running `target/release/player`
Connecting to dealer...
Sending Start...
Waiting for players to connect...
New player connected: [::1]:63292
New player connected: [::1]:63295
New player connected: [::1]:63300
Received key material!
Begin preprocessing...
send to   [00] ShareCiphertext([Polynomial([3187109671138479651455054402505678039373959766632544382889244034866392506661258320671287183801590572, 5154740970842507375259485599574917786154944453681968699636927750611416683635237732714503148581366633, 5637746413187740476565841266706537304500036691872615132016942887434443662180743921289700494915050271, 4947646265134380922163819453094960185951962829308888602867299254209962050621134804831446559035019059, 818405419425165608231927632728374676204005282590859472995145023489237403062908891937059297863319029, 1193669005571478769344918622152777419015505165663994920626347724391759075525162957740116803830680344, 2119356795841389040985703119572570182914892762877759946941819658728515316845983019506861575964503998]), Polynomial([6478556220955472279769155586784902315433050573765313038398887679836727127241175871410067536963469401, 5540290074807049922869372539711504722954829065520782184211445140527846330246781725518946862388666234, 7322089178036216687192840395100403633382889045779904101760131113647630756272954395123988341809179346, 3335987975006215849964354243513921975932577409630751680384290079803773338881058497277857153372612277, 2708595911480661022280196170041020624781710767309698108507484068370818215762263723006955842614326960, 2656045454293547405069654482289930277384153584564919812110510234656764891290332105103319814312942857, 2980653687724006785829673103988039636151750657900672112847077947936708555739989028213124116062112098])])
[::1]:63292
thread '<unnamed>' panicked at 'called `Result::unwrap()` on an `Err` value: Error("Resource temporarily unavailable (os error 35)", line: 0, column: 0)', src/bin/player.rs:54:61
note: run with `RUST_BACKTRACE=1` environment variable to display a backtrace
thread 'main' panicked at 'called `Result::unwrap()` on an `Err` value: Error("Broken pipe (os error 32)", line: 0, column: 0)', src/bin/player.rs:100:81
