    Blocking waiting for file lock on package cache
    Blocking waiting for file lock on package cache
    Blocking waiting for file lock on package cache
    Blocking waiting for file lock on build directory
warning: variable `bound_C_m` should have a snake case name
  --> src/mpc/mod.rs:71:9
   |
71 |     let bound_C_m = 8.6;
   |         ^^^^^^^^^ help: convert the identifier to snake case (notice the capitalization): `bound_c_m`
   |
   = note: `#[warn(non_snake_case)]` on by default

warning: variable `bound_B` should have a snake case name
  --> src/mpc/mod.rs:74:9
   |
74 |     let bound_B = &params.t / Integer::from(2_i32) +
   |         ^^^^^^^ help: convert the identifier to snake case: `bound_b`

warning: `homomorphic-encryption-project` (lib) generated 2 warnings
    Finished release [optimized] target(s) in 0.03s
     Running `target/release/player`
Connecting to dealer...
Sending Start...
Waiting for players to connect...
New player connected: [::1]:63292
New player connected: [::1]:63295
New player connected: [::1]:63300
Received key material!
Begin preprocessing...
send to   [00] ShareCiphertext([Polynomial([7374295096916552950775741172240878991774595541215405168161600193112498873603244314018294127797546899, 5382260005301186959452771840286730417273743493901050794446377979655328275415044401956470741447945866, 339052753060976657876745140672474031695506730969312710580351598276492444134128274035812441493949479, 141474374517915449839024775819603339179819114437401246393643278643419689063314973710359329354539397, 6841972712513632834827201469352495228559790377186787518390467203603299293675721728805174029275492397, 3344257369800757875974560163574287810889950369264885510422325757849063503569309613658317809163224334, 6528271895380337682704574419238643749591982026381359318129298544397287329575481755476250677025824379]), Polynomial([504490343753157543938425584437572183246624767954613177136562432547281852439566600096732903649422860, 3510046876965379225030343835156336324200661415841255144632204694955574975215047408909875819673497633, 3229275777893615549326644602740079072611956161996025068651784662134033979454087171101107871201972241, 194328654414676784742700295882565549242236219647494687160458655444893693187398548444933102749671422, 4759301304696427114167034209857991937833909769893865378713902600466180820000434417443301718611044378, 2628591871551036004095795754287691613826945660724311230166867171309920546948206581897187645005588316, 2564491248794395760656459666406316306248355364797877628361892870306610020768619401886067503315890254])])
[::1]:63292
thread 'main' panicked at 'called `Result::unwrap()` on an `Err` value: Os { code: 61, kind: ConnectionRefused, message: "Connection refused" }', src/bin/player.rs:99:63
note: run with `RUST_BACKTRACE=1` environment variable to display a backtrace
